[2019-09-12 17:54:32] Текст ошибки: Страница не найдена! | Файл: D:\YandexDisk\__Web_dev\_.server\open_server\OSPanel\domains\ishop\public\index.php | Строка: 9
=================
[2019-09-12 17:54:45] Текст ошибки: Страница не найдена!!! | Файл: D:\YandexDisk\__Web_dev\_.server\open_server\OSPanel\domains\ishop\public\index.php | Строка: 9
=================
[2019-09-12 17:54:52] Текст ошибки: Страница не найдена!!! | Файл: D:\YandexDisk\__Web_dev\_.server\open_server\OSPanel\domains\ishop\public\index.php | Строка: 9
=================
[2019-09-12 17:55:03] Текст ошибки: Страница не найдена! | Файл: D:\YandexDisk\__Web_dev\_.server\open_server\OSPanel\domains\ishop\public\index.php | Строка: 9
=================
[2019-09-12 17:55:27] Текст ошибки: Страница не найдена! | Файл: D:\YandexDisk\__Web_dev\_.server\open_server\OSPanel\domains\ishop\public\index.php | Строка: 9
=================
[2019-09-12 17:56:01] Текст ошибки: Страница не найдена! | Файл: D:\YandexDisk\__Web_dev\_.server\open_server\OSPanel\domains\ishop\public\index.php | Строка: 9
=================
[2019-09-12 17:56:06] Текст ошибки: Страница не найдена! | Файл: D:\YandexDisk\__Web_dev\_.server\open_server\OSPanel\domains\ishop\public\index.php | Строка: 9
=================
[2019-09-12 17:56:31] Текст ошибки: Страница не найдена! | Файл: D:\YandexDisk\__Web_dev\_.server\open_server\OSPanel\domains\ishop\public\index.php | Строка: 9
=================
[2019-09-12 18:02:42] Текст ошибки: Страница не найдена! | Файл: D:\YandexDisk\__Web_dev\_.server\open_server\OSPanel\domains\ishop\public\index.php | Строка: 9
=================
[2019-09-12 18:03:26] Текст ошибки: Страница не найдена! | Файл: D:\YandexDisk\__Web_dev\_.server\open_server\OSPanel\domains\ishop\public\index.php | Строка: 9
=================
[2019-09-12 18:03:45] Текст ошибки: Страница не найдена! | Файл: D:\YandexDisk\__Web_dev\_.server\open_server\OSPanel\domains\ishop\public\index.php | Строка: 9
=================
[2019-09-12 18:03:51] Текст ошибки: Страница не найдена! | Файл: D:\YandexDisk\__Web_dev\_.server\open_server\OSPanel\domains\ishop\public\index.php | Строка: 9
=================
[2019-09-12 18:04:33] Текст ошибки: Страница не найдена! | Файл: D:\YandexDisk\__Web_dev\_.server\open_server\OSPanel\domains\ishop\public\index.php | Строка: 9
=================
[2019-09-15 16:08:24] Текст ошибки: Страница не найдена | Файл: D:\YandexDisk\__Web_dev\_.server\open_server\OSPanel\domains\ishop\vendor\ishop\core\Router.php | Строка: 47
=================
[2019-09-15 16:08:24] Текст ошибки: Страница не найдена | Файл: D:\YandexDisk\__Web_dev\_.server\open_server\OSPanel\domains\ishop\vendor\ishop\core\Router.php | Строка: 47
=================
[2019-09-15 16:09:56] Текст ошибки: Страница не найдена | Файл: D:\YandexDisk\__Web_dev\_.server\open_server\OSPanel\domains\ishop\vendor\ishop\core\Router.php | Строка: 47
=================
[2019-09-16 14:26:45] Текст ошибки: Страница не найдена | Файл: D:\YandexDisk\__Web_dev\_.server\open_server\OSPanel\domains\ishop\vendor\ishop\core\Router.php | Строка: 49
=================
[2019-09-17 15:33:31] Текст ошибки: Нет соединения с БД | Файл: D:\YandexDisk\__Web_dev\_.server\open_server\OSPanel\domains\ishop\vendor\ishop\core\Db.php | Строка: 18
=================
[2019-09-17 15:33:31] Текст ошибки: Страница не найдена | Файл: D:\YandexDisk\__Web_dev\_.server\open_server\OSPanel\domains\ishop\vendor\ishop\core\Router.php | Строка: 51
=================
[2019-09-17 20:46:01] Текст ошибки: Class 'ishop\R' not found | Файл: D:\YandexDisk\__Web_dev\_.server\open_server\OSPanel\domains\ishop\vendor\ishop\core\Db.php | Строка: 16
=================
[2019-09-17 20:46:16] Текст ошибки: Class 'ishop\R' not found | Файл: D:\YandexDisk\__Web_dev\_.server\open_server\OSPanel\domains\ishop\vendor\ishop\core\Db.php | Строка: 16
=================
